<?xml version="1.0" encoding="UTF-8"?>
<testsuite xmlns:xsi="http://www.w3.org/2001/XMLSchema-instance" xsi:noNamespaceSchemaLocation="https://maven.apache.org/surefire/maven-surefire-plugin/xsd/surefire-test-report.xsd" name="mainPageTests" time="8.337" tests="2" errors="0" skipped="0" failures="0">
  <properties>
    <property name="java.specification.version" value="14"/>
    <property name="sun.jnu.encoding" value="UTF-8"/>
    <property name="java.class.path" value="/Volumes/Date/Automatisation/CardsCompany/target/test-classes:/Volumes/Date/Automatisation/CardsCompany/target/classes:/Users/malyonkin/.m2/repository/com/codeborne/selenide/5.15.1/selenide-5.15.1.jar:/Users/malyonkin/.m2/repository/org/seleniumhq/selenium/selenium-java/3.141.59/selenium-java-3.141.59.jar:/Users/malyonkin/.m2/repository/org/seleniumhq/selenium/selenium-api/3.141.59/selenium-api-3.141.59.jar:/Users/malyonkin/.m2/repository/org/seleniumhq/selenium/selenium-chrome-driver/3.141.59/selenium-chrome-driver-3.141.59.jar:/Users/malyonkin/.m2/repository/org/seleniumhq/selenium/selenium-edge-driver/3.141.59/selenium-edge-driver-3.141.59.jar:/Users/malyonkin/.m2/repository/org/seleniumhq/selenium/selenium-firefox-driver/3.141.59/selenium-firefox-driver-3.141.59.jar:/Users/malyonkin/.m2/repository/org/seleniumhq/selenium/selenium-ie-driver/3.141.59/selenium-ie-driver-3.141.59.jar:/Users/malyonkin/.m2/repository/org/seleniumhq/selenium/selenium-opera-driver/3.141.59/selenium-opera-driver-3.141.59.jar:/Users/malyonkin/.m2/repository/org/seleniumhq/selenium/selenium-remote-driver/3.141.59/selenium-remote-driver-3.141.59.jar:/Users/malyonkin/.m2/repository/org/seleniumhq/selenium/selenium-safari-driver/3.141.59/selenium-safari-driver-3.141.59.jar:/Users/malyonkin/.m2/repository/org/seleniumhq/selenium/selenium-support/3.141.59/selenium-support-3.141.59.jar:/Users/malyonkin/.m2/repository/org/apache/commons/commons-exec/1.3/commons-exec-1.3.jar:/Users/malyonkin/.m2/repository/com/google/guava/guava/25.0-jre/guava-25.0-jre.jar:/Users/malyonkin/.m2/repository/com/google/code/findbugs/jsr305/1.3.9/jsr305-1.3.9.jar:/Users/malyonkin/.m2/repository/org/checkerframework/checker-compat-qual/2.0.0/checker-compat-qual-2.0.0.jar:/Users/malyonkin/.m2/repository/com/google/errorprone/error_prone_annotations/2.1.3/error_prone_annotations-2.1.3.jar:/Users/malyonkin/.m2/repository/com/google/j2objc/j2objc-annotations/1.1/j2objc-annotations-1.1.jar:/Users/malyonkin/.m2/repository/org/codehaus/mojo/animal-sniffer-annotations/1.14/animal-sniffer-annotations-1.14.jar:/Users/malyonkin/.m2/repository/com/squareup/okhttp3/okhttp/3.11.0/okhttp-3.11.0.jar:/Users/malyonkin/.m2/repository/com/squareup/okio/okio/1.14.0/okio-1.14.0.jar:/Users/malyonkin/.m2/repository/io/github/bonigarcia/webdrivermanager/4.2.2/webdrivermanager-4.2.2.jar:/Users/malyonkin/.m2/repository/commons-io/commons-io/2.8.0/commons-io-2.8.0.jar:/Users/malyonkin/.m2/repository/com/google/code/gson/gson/2.8.6/gson-2.8.6.jar:/Users/malyonkin/.m2/repository/org/apache/commons/commons-lang3/3.11/commons-lang3-3.11.jar:/Users/malyonkin/.m2/repository/org/jsoup/jsoup/1.13.1/jsoup-1.13.1.jar:/Users/malyonkin/.m2/repository/org/rauschig/jarchivelib/1.1.0/jarchivelib-1.1.0.jar:/Users/malyonkin/.m2/repository/org/apache/commons/commons-compress/1.20/commons-compress-1.20.jar:/Users/malyonkin/.m2/repository/org/apache/httpcomponents/client5/httpclient5/5.0.1/httpclient5-5.0.1.jar:/Users/malyonkin/.m2/repository/org/apache/httpcomponents/core5/httpcore5/5.0.1/httpcore5-5.0.1.jar:/Users/malyonkin/.m2/repository/commons-codec/commons-codec/1.13/commons-codec-1.13.jar:/Users/malyonkin/.m2/repository/org/slf4j/slf4j-api/1.7.30/slf4j-api-1.7.30.jar:/Users/malyonkin/.m2/repository/io/rest-assured/rest-assured/4.3.1/rest-assured-4.3.1.jar:/Users/malyonkin/.m2/repository/org/codehaus/groovy/groovy/3.0.3/groovy-3.0.3.jar:/Users/malyonkin/.m2/repository/org/codehaus/groovy/groovy-xml/3.0.3/groovy-xml-3.0.3.jar:/Users/malyonkin/.m2/repository/org/apache/httpcomponents/httpclient/4.5.3/httpclient-4.5.3.jar:/Users/malyonkin/.m2/repository/org/apache/httpcomponents/httpcore/4.4.6/httpcore-4.4.6.jar:/Users/malyonkin/.m2/repository/commons-logging/commons-logging/1.2/commons-logging-1.2.jar:/Users/malyonkin/.m2/repository/org/apache/httpcomponents/httpmime/4.5.3/httpmime-4.5.3.jar:/Users/malyonkin/.m2/repository/org/hamcrest/hamcrest/2.1/hamcrest-2.1.jar:/Users/malyonkin/.m2/repository/org/ccil/cowan/tagsoup/tagsoup/1.2.1/tagsoup-1.2.1.jar:/Users/malyonkin/.m2/repository/io/rest-assured/json-path/4.3.1/json-path-4.3.1.jar:/Users/malyonkin/.m2/repository/org/codehaus/groovy/groovy-json/3.0.3/groovy-json-3.0.3.jar:/Users/malyonkin/.m2/repository/io/rest-assured/rest-assured-common/4.3.1/rest-assured-common-4.3.1.jar:/Users/malyonkin/.m2/repository/io/rest-assured/xml-path/4.3.1/xml-path-4.3.1.jar:/Users/malyonkin/.m2/repository/jakarta/xml/bind/jakarta.xml.bind-api/2.3.3/jakarta.xml.bind-api-2.3.3.jar:/Users/malyonkin/.m2/repository/jakarta/activation/jakarta.activation-api/1.2.2/jakarta.activation-api-1.2.2.jar:/Users/malyonkin/.m2/repository/com/sun/xml/bind/jaxb-impl/2.3.3/jaxb-impl-2.3.3.jar:/Users/malyonkin/.m2/repository/org/slf4j/slf4j-nop/1.7.30/slf4j-nop-1.7.30.jar:/Users/malyonkin/.m2/repository/com/codeborne/selenide-appium/1.4.5/selenide-appium-1.4.5.jar:/Users/malyonkin/.m2/repository/io/appium/java-client/7.3.0/java-client-7.3.0.jar:/Users/malyonkin/.m2/repository/cglib/cglib/3.2.12/cglib-3.2.12.jar:/Users/malyonkin/.m2/repository/org/ow2/asm/asm/7.1/asm-7.1.jar:/Users/malyonkin/.m2/repository/commons-validator/commons-validator/1.6/commons-validator-1.6.jar:/Users/malyonkin/.m2/repository/commons-beanutils/commons-beanutils/1.9.2/commons-beanutils-1.9.2.jar:/Users/malyonkin/.m2/repository/commons-digester/commons-digester/1.8.1/commons-digester-1.8.1.jar:/Users/malyonkin/.m2/repository/commons-collections/commons-collections/3.2.2/commons-collections-3.2.2.jar:/Users/malyonkin/.m2/repository/org/springframework/spring-context/5.1.8.RELEASE/spring-context-5.1.8.RELEASE.jar:/Users/malyonkin/.m2/repository/org/springframework/spring-aop/5.1.8.RELEASE/spring-aop-5.1.8.RELEASE.jar:/Users/malyonkin/.m2/repository/org/springframework/spring-beans/5.1.8.RELEASE/spring-beans-5.1.8.RELEASE.jar:/Users/malyonkin/.m2/repository/org/springframework/spring-core/5.1.8.RELEASE/spring-core-5.1.8.RELEASE.jar:/Users/malyonkin/.m2/repository/org/springframework/spring-jcl/5.1.8.RELEASE/spring-jcl-5.1.8.RELEASE.jar:/Users/malyonkin/.m2/repository/org/springframework/spring-expression/5.1.8.RELEASE/spring-expression-5.1.8.RELEASE.jar:/Users/malyonkin/.m2/repository/org/aspectj/aspectjweaver/1.9.4/aspectjweaver-1.9.4.jar:/Users/malyonkin/.m2/repository/io/qameta/allure/allure-junit5/2.13.6/allure-junit5-2.13.6.jar:/Users/malyonkin/.m2/repository/io/qameta/allure/allure-junit-platform/2.13.6/allure-junit-platform-2.13.6.jar:/Users/malyonkin/.m2/repository/org/junit/jupiter/junit-jupiter-api/5.7.0/junit-jupiter-api-5.7.0.jar:/Users/malyonkin/.m2/repository/org/opentest4j/opentest4j/1.2.0/opentest4j-1.2.0.jar:/Users/malyonkin/.m2/repository/org/junit/platform/junit-platform-commons/1.7.0/junit-platform-commons-1.7.0.jar:/Users/malyonkin/.m2/repository/org/junit/platform/junit-platform-launcher/1.7.0/junit-platform-launcher-1.7.0.jar:/Users/malyonkin/.m2/repository/org/junit/jupiter/junit-jupiter-engine/5.6.3/junit-jupiter-engine-5.6.3.jar:/Users/malyonkin/.m2/repository/org/apiguardian/apiguardian-api/1.1.0/apiguardian-api-1.1.0.jar:/Users/malyonkin/.m2/repository/org/junit/platform/junit-platform-engine/1.6.3/junit-platform-engine-1.6.3.jar:/Users/malyonkin/.m2/repository/io/qameta/allure/allure-selenide/2.13.5/allure-selenide-2.13.5.jar:/Users/malyonkin/.m2/repository/io/qameta/allure/allure-java-commons/2.13.5/allure-java-commons-2.13.5.jar:/Users/malyonkin/.m2/repository/io/qameta/allure/allure-model/2.13.5/allure-model-2.13.5.jar:/Users/malyonkin/.m2/repository/com/fasterxml/jackson/core/jackson-databind/2.9.8/jackson-databind-2.9.8.jar:/Users/malyonkin/.m2/repository/com/fasterxml/jackson/core/jackson-annotations/2.9.0/jackson-annotations-2.9.0.jar:/Users/malyonkin/.m2/repository/com/fasterxml/jackson/core/jackson-core/2.9.8/jackson-core-2.9.8.jar:/Users/malyonkin/.m2/repository/org/apache/tika/tika-core/1.20/tika-core-1.20.jar:/Users/malyonkin/.m2/repository/org/jooq/joor-java-8/0.9.10/joor-java-8-0.9.10.jar:/Users/malyonkin/.m2/repository/io/qameta/allure/allure-rest-assured/2.13.5/allure-rest-assured-2.13.5.jar:/Users/malyonkin/.m2/repository/io/qameta/allure/allure-attachments/2.13.5/allure-attachments-2.13.5.jar:/Users/malyonkin/.m2/repository/org/freemarker/freemarker/2.3.28/freemarker-2.3.28.jar:"/>
    <property name="java.vm.vendor" value="Oracle Corporation"/>
    <property name="sun.arch.data.model" value="64"/>
    <property name="java.vendor.url" value="https://java.oracle.com/"/>
    <property name="user.timezone" value="Europe/Moscow"/>
    <property name="os.name" value="Mac OS X"/>
    <property name="java.vm.specification.version" value="14"/>
    <property name="sun.java.launcher" value="SUN_STANDARD"/>
    <property name="user.country" value="GB"/>
    <property name="sun.boot.library.path" value="/Users/malyonkin/.sdkman/candidates/java/14.0.0-open/lib"/>
    <property name="sun.java.command" value="/Volumes/Date/Automatisation/CardsCompany/target/surefire/surefirebooter13618912137464936272.jar /Volumes/Date/Automatisation/CardsCompany/target/surefire 2020-11-27T19-04-42_079-jvmRun1 surefire3066702782253733557tmp surefire_01565408598863948330tmp"/>
    <property name="jdk.debug" value="release"/>
    <property name="test" value="mainPageTests"/>
    <property name="surefire.test.class.path" value="/Volumes/Date/Automatisation/CardsCompany/target/test-classes:/Volumes/Date/Automatisation/CardsCompany/target/classes:/Users/malyonkin/.m2/repository/com/codeborne/selenide/5.15.1/selenide-5.15.1.jar:/Users/malyonkin/.m2/repository/org/seleniumhq/selenium/selenium-java/3.141.59/selenium-java-3.141.59.jar:/Users/malyonkin/.m2/repository/org/seleniumhq/selenium/selenium-api/3.141.59/selenium-api-3.141.59.jar:/Users/malyonkin/.m2/repository/org/seleniumhq/selenium/selenium-chrome-driver/3.141.59/selenium-chrome-driver-3.141.59.jar:/Users/malyonkin/.m2/repository/org/seleniumhq/selenium/selenium-edge-driver/3.141.59/selenium-edge-driver-3.141.59.jar:/Users/malyonkin/.m2/repository/org/seleniumhq/selenium/selenium-firefox-driver/3.141.59/selenium-firefox-driver-3.141.59.jar:/Users/malyonkin/.m2/repository/org/seleniumhq/selenium/selenium-ie-driver/3.141.59/selenium-ie-driver-3.141.59.jar:/Users/malyonkin/.m2/repository/org/seleniumhq/selenium/selenium-opera-driver/3.141.59/selenium-opera-driver-3.141.59.jar:/Users/malyonkin/.m2/repository/org/seleniumhq/selenium/selenium-remote-driver/3.141.59/selenium-remote-driver-3.141.59.jar:/Users/malyonkin/.m2/repository/org/seleniumhq/selenium/selenium-safari-driver/3.141.59/selenium-safari-driver-3.141.59.jar:/Users/malyonkin/.m2/repository/org/seleniumhq/selenium/selenium-support/3.141.59/selenium-support-3.141.59.jar:/Users/malyonkin/.m2/repository/org/apache/commons/commons-exec/1.3/commons-exec-1.3.jar:/Users/malyonkin/.m2/repository/com/google/guava/guava/25.0-jre/guava-25.0-jre.jar:/Users/malyonkin/.m2/repository/com/google/code/findbugs/jsr305/1.3.9/jsr305-1.3.9.jar:/Users/malyonkin/.m2/repository/org/checkerframework/checker-compat-qual/2.0.0/checker-compat-qual-2.0.0.jar:/Users/malyonkin/.m2/repository/com/google/errorprone/error_prone_annotations/2.1.3/error_prone_annotations-2.1.3.jar:/Users/malyonkin/.m2/repository/com/google/j2objc/j2objc-annotations/1.1/j2objc-annotations-1.1.jar:/Users/malyonkin/.m2/repository/org/codehaus/mojo/animal-sniffer-annotations/1.14/animal-sniffer-annotations-1.14.jar:/Users/malyonkin/.m2/repository/com/squareup/okhttp3/okhttp/3.11.0/okhttp-3.11.0.jar:/Users/malyonkin/.m2/repository/com/squareup/okio/okio/1.14.0/okio-1.14.0.jar:/Users/malyonkin/.m2/repository/io/github/bonigarcia/webdrivermanager/4.2.2/webdrivermanager-4.2.2.jar:/Users/malyonkin/.m2/repository/commons-io/commons-io/2.8.0/commons-io-2.8.0.jar:/Users/malyonkin/.m2/repository/com/google/code/gson/gson/2.8.6/gson-2.8.6.jar:/Users/malyonkin/.m2/repository/org/apache/commons/commons-lang3/3.11/commons-lang3-3.11.jar:/Users/malyonkin/.m2/repository/org/jsoup/jsoup/1.13.1/jsoup-1.13.1.jar:/Users/malyonkin/.m2/repository/org/rauschig/jarchivelib/1.1.0/jarchivelib-1.1.0.jar:/Users/malyonkin/.m2/repository/org/apache/commons/commons-compress/1.20/commons-compress-1.20.jar:/Users/malyonkin/.m2/repository/org/apache/httpcomponents/client5/httpclient5/5.0.1/httpclient5-5.0.1.jar:/Users/malyonkin/.m2/repository/org/apache/httpcomponents/core5/httpcore5/5.0.1/httpcore5-5.0.1.jar:/Users/malyonkin/.m2/repository/commons-codec/commons-codec/1.13/commons-codec-1.13.jar:/Users/malyonkin/.m2/repository/org/slf4j/slf4j-api/1.7.30/slf4j-api-1.7.30.jar:/Users/malyonkin/.m2/repository/io/rest-assured/rest-assured/4.3.1/rest-assured-4.3.1.jar:/Users/malyonkin/.m2/repository/org/codehaus/groovy/groovy/3.0.3/groovy-3.0.3.jar:/Users/malyonkin/.m2/repository/org/codehaus/groovy/groovy-xml/3.0.3/groovy-xml-3.0.3.jar:/Users/malyonkin/.m2/repository/org/apache/httpcomponents/httpclient/4.5.3/httpclient-4.5.3.jar:/Users/malyonkin/.m2/repository/org/apache/httpcomponents/httpcore/4.4.6/httpcore-4.4.6.jar:/Users/malyonkin/.m2/repository/commons-logging/commons-logging/1.2/commons-logging-1.2.jar:/Users/malyonkin/.m2/repository/org/apache/httpcomponents/httpmime/4.5.3/httpmime-4.5.3.jar:/Users/malyonkin/.m2/repository/org/hamcrest/hamcrest/2.1/hamcrest-2.1.jar:/Users/malyonkin/.m2/repository/org/ccil/cowan/tagsoup/tagsoup/1.2.1/tagsoup-1.2.1.jar:/Users/malyonkin/.m2/repository/io/rest-assured/json-path/4.3.1/json-path-4.3.1.jar:/Users/malyonkin/.m2/repository/org/codehaus/groovy/groovy-json/3.0.3/groovy-json-3.0.3.jar:/Users/malyonkin/.m2/repository/io/rest-assured/rest-assured-common/4.3.1/rest-assured-common-4.3.1.jar:/Users/malyonkin/.m2/repository/io/rest-assured/xml-path/4.3.1/xml-path-4.3.1.jar:/Users/malyonkin/.m2/repository/jakarta/xml/bind/jakarta.xml.bind-api/2.3.3/jakarta.xml.bind-api-2.3.3.jar:/Users/malyonkin/.m2/repository/jakarta/activation/jakarta.activation-api/1.2.2/jakarta.activation-api-1.2.2.jar:/Users/malyonkin/.m2/repository/com/sun/xml/bind/jaxb-impl/2.3.3/jaxb-impl-2.3.3.jar:/Users/malyonkin/.m2/repository/org/slf4j/slf4j-nop/1.7.30/slf4j-nop-1.7.30.jar:/Users/malyonkin/.m2/repository/com/codeborne/selenide-appium/1.4.5/selenide-appium-1.4.5.jar:/Users/malyonkin/.m2/repository/io/appium/java-client/7.3.0/java-client-7.3.0.jar:/Users/malyonkin/.m2/repository/cglib/cglib/3.2.12/cglib-3.2.12.jar:/Users/malyonkin/.m2/repository/org/ow2/asm/asm/7.1/asm-7.1.jar:/Users/malyonkin/.m2/repository/commons-validator/commons-validator/1.6/commons-validator-1.6.jar:/Users/malyonkin/.m2/repository/commons-beanutils/commons-beanutils/1.9.2/commons-beanutils-1.9.2.jar:/Users/malyonkin/.m2/repository/commons-digester/commons-digester/1.8.1/commons-digester-1.8.1.jar:/Users/malyonkin/.m2/repository/commons-collections/commons-collections/3.2.2/commons-collections-3.2.2.jar:/Users/malyonkin/.m2/repository/org/springframework/spring-context/5.1.8.RELEASE/spring-context-5.1.8.RELEASE.jar:/Users/malyonkin/.m2/repository/org/springframework/spring-aop/5.1.8.RELEASE/spring-aop-5.1.8.RELEASE.jar:/Users/malyonkin/.m2/repository/org/springframework/spring-beans/5.1.8.RELEASE/spring-beans-5.1.8.RELEASE.jar:/Users/malyonkin/.m2/repository/org/springframework/spring-core/5.1.8.RELEASE/spring-core-5.1.8.RELEASE.jar:/Users/malyonkin/.m2/repository/org/springframework/spring-jcl/5.1.8.RELEASE/spring-jcl-5.1.8.RELEASE.jar:/Users/malyonkin/.m2/repository/org/springframework/spring-expression/5.1.8.RELEASE/spring-expression-5.1.8.RELEASE.jar:/Users/malyonkin/.m2/repository/org/aspectj/aspectjweaver/1.9.4/aspectjweaver-1.9.4.jar:/Users/malyonkin/.m2/repository/io/qameta/allure/allure-junit5/2.13.6/allure-junit5-2.13.6.jar:/Users/malyonkin/.m2/repository/io/qameta/allure/allure-junit-platform/2.13.6/allure-junit-platform-2.13.6.jar:/Users/malyonkin/.m2/repository/org/junit/jupiter/junit-jupiter-api/5.7.0/junit-jupiter-api-5.7.0.jar:/Users/malyonkin/.m2/repository/org/opentest4j/opentest4j/1.2.0/opentest4j-1.2.0.jar:/Users/malyonkin/.m2/repository/org/junit/platform/junit-platform-commons/1.7.0/junit-platform-commons-1.7.0.jar:/Users/malyonkin/.m2/repository/org/junit/platform/junit-platform-launcher/1.7.0/junit-platform-launcher-1.7.0.jar:/Users/malyonkin/.m2/repository/org/junit/jupiter/junit-jupiter-engine/5.6.3/junit-jupiter-engine-5.6.3.jar:/Users/malyonkin/.m2/repository/org/apiguardian/apiguardian-api/1.1.0/apiguardian-api-1.1.0.jar:/Users/malyonkin/.m2/repository/org/junit/platform/junit-platform-engine/1.6.3/junit-platform-engine-1.6.3.jar:/Users/malyonkin/.m2/repository/io/qameta/allure/allure-selenide/2.13.5/allure-selenide-2.13.5.jar:/Users/malyonkin/.m2/repository/io/qameta/allure/allure-java-commons/2.13.5/allure-java-commons-2.13.5.jar:/Users/malyonkin/.m2/repository/io/qameta/allure/allure-model/2.13.5/allure-model-2.13.5.jar:/Users/malyonkin/.m2/repository/com/fasterxml/jackson/core/jackson-databind/2.9.8/jackson-databind-2.9.8.jar:/Users/malyonkin/.m2/repository/com/fasterxml/jackson/core/jackson-annotations/2.9.0/jackson-annotations-2.9.0.jar:/Users/malyonkin/.m2/repository/com/fasterxml/jackson/core/jackson-core/2.9.8/jackson-core-2.9.8.jar:/Users/malyonkin/.m2/repository/org/apache/tika/tika-core/1.20/tika-core-1.20.jar:/Users/malyonkin/.m2/repository/org/jooq/joor-java-8/0.9.10/joor-java-8-0.9.10.jar:/Users/malyonkin/.m2/repository/io/qameta/allure/allure-rest-assured/2.13.5/allure-rest-assured-2.13.5.jar:/Users/malyonkin/.m2/repository/io/qameta/allure/allure-attachments/2.13.5/allure-attachments-2.13.5.jar:/Users/malyonkin/.m2/repository/org/freemarker/freemarker/2.3.28/freemarker-2.3.28.jar:"/>
    <property name="allure.results.directory" value="/Volumes/Date/Automatisation/CardsCompany/target/allure-results"/>
    <property name="sun.cpu.endian" value="little"/>
    <property name="user.home" value="/Users/malyonkin"/>
    <property name="user.language" value="en"/>
    <property name="java.specification.vendor" value="Oracle Corporation"/>
    <property name="java.version.date" value="2020-03-17"/>
    <property name="java.home" value="/Users/malyonkin/.sdkman/candidates/java/14.0.0-open"/>
    <property name="file.separator" value="/"/>
    <property name="basedir" value="/Volumes/Date/Automatisation/CardsCompany"/>
    <property name="java.vm.compressedOopsMode" value="Zero based"/>
    <property name="line.separator" value="&#10;"/>
    <property name="java.vm.specification.vendor" value="Oracle Corporation"/>
    <property name="java.specification.name" value="Java Platform API Specification"/>
    <property name="surefire.real.class.path" value="/Volumes/Date/Automatisation/CardsCompany/target/surefire/surefirebooter13618912137464936272.jar"/>
    <property name="sun.management.compiler" value="HotSpot 64-Bit Tiered Compilers"/>
    <property name="java.runtime.version" value="14+36-1461"/>
    <property name="user.name" value="malyonkin"/>
    <property name="path.separator" value=":"/>
    <property name="os.version" value="10.15.7"/>
    <property name="java.runtime.name" value="OpenJDK Runtime Environment"/>
    <property name="file.encoding" value="UTF-8"/>
    <property name="java.vm.name" value="OpenJDK 64-Bit Server VM"/>
    <property name="localRepository" value="/Users/malyonkin/.m2/repository"/>
    <property name="java.vendor.url.bug" value="https://bugreport.java.com/bugreport/"/>
    <property name="java.io.tmpdir" value="/var/folders/1j/t63dpnhj3f1f2vpkw9rf8f0w0000gn/T/"/>
    <property name="java.version" value="14"/>
    <property name="user.dir" value="/Volumes/Date/Automatisation/CardsCompany"/>
    <property name="os.arch" value="x86_64"/>
    <property name="java.vm.specification.name" value="Java Virtual Machine Specification"/>
    <property name="java.library.path" value="/Users/malyonkin/Library/Java/Extensions:/Library/Java/Extensions:/Network/Library/Java/Extensions:/System/Library/Java/Extensions:/usr/lib/java:."/>
    <property name="java.vm.info" value="mixed mode, sharing"/>
    <property name="java.vendor" value="Oracle Corporation"/>
    <property name="java.vm.version" value="14+36-1461"/>
    <property name="sun.io.unicode.encoding" value="UnicodeBig"/>
    <property name="java.class.version" value="58.0"/>
  </properties>
  <testcase name="addLinkSber" classname="mainPageTests" time="0.098"/>
  <testcase name="SearchEmpty" classname="mainPageTests" time="8.125"/>
</testsuite>